Using pre-set license
Built from '2020.3/staging' branch; Version is '2020.3.5f1 (8095aa901b9b) revision 8426922'; Using compiler version '192528614'; Build Type 'Release'
OS: 'Windows 10 Pro; OS build 19042.928; Version 2009; 64bit' Language: 'pt' Physical Memory: 16326 MB
BatchMode: 1, IsHumanControllingUs: 0, StartBugReporterOnCrash: 0, Is64bit: 1, IsPro: 0

 COMMAND LINE ARGUMENTS:
C:\Program Files\Unity\Hub\Editor\2020.3.5f1\Editor\Unity.exe
-adb2
-batchMode
-noUpm
-name
AssetImportWorker0
-projectPath
C:/Users/igorr/Documents/Unity2D/LaserDefender
-logFile
Logs/AssetImportWorker0.log
-srvPort
54946
Successfully changed project path to: C:/Users/igorr/Documents/Unity2D/LaserDefender
C:/Users/igorr/Documents/Unity2D/LaserDefender
Using Asset Import Pipeline V2.
Refreshing native plugins compatible for Editor in 49.84 ms, found 1 plugins.
Preloading 0 native plugins for Editor in 0.00 ms.
Initialize engine version: 2020.3.5f1 (8095aa901b9b)
[Subsystems] Discovering subsystems at path C:/Program Files/Unity/Hub/Editor/2020.3.5f1/Editor/Data/Resources/UnitySubsystems
[Subsystems] Discovering subsystems at path C:/Users/igorr/Documents/Unity2D/LaserDefender/Assets
GfxDevice: creating device client; threaded=0
Direct3D:
    Version:  Direct3D 11.0 [level 11.1]
    Renderer: NVIDIA GeForce RTX 2060 (ID=0x1f08)
    Vendor:   
    VRAM:     5980 MB
    Driver:   27.21.14.6589
Initialize mono
Mono path[0] = 'C:/Program Files/Unity/Hub/Editor/2020.3.5f1/Editor/Data/Managed'
Mono path[1] = 'C:/Program Files/Unity/Hub/Editor/2020.3.5f1/Editor/Data/MonoBleedingEdge/lib/mono/unityjit'
Mono config path = 'C:/Program Files/Unity/Hub/Editor/2020.3.5f1/Editor/Data/MonoBleedingEdge/etc'
Using monoOptions --debugger-agent=transport=dt_socket,embedding=1,server=y,suspend=n,address=127.0.0.1:56528
Begin MonoManager ReloadAssembly
Registering precompiled unity dll's ...
Register platform support module: C:/Program Files/Unity/Hub/Editor/2020.3.5f1/Editor/Data/PlaybackEngines/WindowsStandaloneSupport/UnityEditor.WindowsStandalone.Extensions.dll
Registered in 0.002207 seconds.
Native extension for WindowsStandalone target not found
Refreshing native plugins compatible for Editor in 71.27 ms, found 1 plugins.
Preloading 0 native plugins for Editor in 0.00 ms.
Mono: successfully reloaded assembly
- Completed reload, in  3.644 seconds
Platform modules already initialized, skipping
Registering precompiled user dll's ...
Registered in 0.001596 seconds.
Begin MonoManager ReloadAssembly
Native extension for WindowsStandalone target not found
Refreshing native plugins compatible for Editor in 52.84 ms, found 1 plugins.
Preloading 0 native plugins for Editor in 0.00 ms.
Mono: successfully reloaded assembly
- Completed reload, in  1.411 seconds
Platform modules already initialized, skipping
========================================================================
Worker process is ready to serve import requests
Launched and connected shader compiler UnityShaderCompiler.exe after 0.21 seconds
Refreshing native plugins compatible for Editor in 0.48 ms, found 1 plugins.
Preloading 0 native plugins for Editor in 0.00 ms.
Unloading 1818 Unused Serialized files (Serialized files now loaded: 0)
System memory in use before: 85.5 MB.
System memory in use after: 85.4 MB.

Unloading 24 unused Assets to reduce memory usage. Loaded Objects now: 2261.
Total: 2.097900 ms (FindLiveObjects: 0.284200 ms CreateObjectMapping: 0.043300 ms MarkObjects: 1.641600 ms  DeleteObjects: 0.127500 ms)

========================================================================
Received Import Request.
  path: Assets/Scripts/Player.cs
  artifactKey: Guid(51a5cd5db08a25431a87a4484dd32ed1) Importer(815301076,1909f56bfc062723c751e8b465ee728b)
Start importing Assets/Scripts/Player.cs using Guid(51a5cd5db08a25431a87a4484dd32ed1) Importer(815301076,1909f56bfc062723c751e8b465ee728b)  -> (artifact id: '013d61506b6b0482c105e60489f499a2') in 0.031895 seconds
  Import took 0.037814 seconds .

========================================================================
Received Import Request.
  Time since last request: 0.000485 seconds.
  path: Assets/Scripts
  artifactKey: Guid(ce67769cb0a84c1078c7b6eb6a8b5da0) Importer(815301076,1909f56bfc062723c751e8b465ee728b)
Start importing Assets/Scripts using Guid(ce67769cb0a84c1078c7b6eb6a8b5da0) Importer(815301076,1909f56bfc062723c751e8b465ee728b)  -> (artifact id: 'b1d4fa028dab0aca577ec63a83485060') in 0.003520 seconds
  Import took 0.013579 seconds .

========================================================================
Received Prepare
Registering precompiled user dll's ...
Registered in 0.001056 seconds.
Begin MonoManager ReloadAssembly
Native extension for WindowsStandalone target not found
Refreshing native plugins compatible for Editor in 0.45 ms, found 1 plugins.
Preloading 0 native plugins for Editor in 0.00 ms.
Mono: successfully reloaded assembly
- Completed reload, in  0.806 seconds
Platform modules already initialized, skipping
Refreshing native plugins compatible for Editor in 0.46 ms, found 1 plugins.
Preloading 0 native plugins for Editor in 0.00 ms.
Unloading 1813 Unused Serialized files (Serialized files now loaded: 0)
System memory in use before: 85.4 MB.
System memory in use after: 85.4 MB.

Unloading 12 unused Assets to reduce memory usage. Loaded Objects now: 2265.
Total: 3.235800 ms (FindLiveObjects: 0.385500 ms CreateObjectMapping: 0.048000 ms MarkObjects: 2.567300 ms  DeleteObjects: 0.232800 ms)

========================================================================
Received Import Request.
  Time since last request: 130.502790 seconds.
  path: Assets/Scripts/Player.cs
  artifactKey: Guid(51a5cd5db08a25431a87a4484dd32ed1) Importer(815301076,1909f56bfc062723c751e8b465ee728b)
Start importing Assets/Scripts/Player.cs using Guid(51a5cd5db08a25431a87a4484dd32ed1) Importer(815301076,1909f56bfc062723c751e8b465ee728b)  -> (artifact id: 'd9fced2716bf2cd3562d4ae08fcf7cb0') in 0.008121 seconds
  Import took 0.012891 seconds .

========================================================================
Received Import Request.
  Time since last request: 0.032494 seconds.
  path: Assets/Scripts/Player.cs
  artifactKey: Guid(51a5cd5db08a25431a87a4484dd32ed1) Importer(815301076,1909f56bfc062723c751e8b465ee728b)
Start importing Assets/Scripts/Player.cs using Guid(51a5cd5db08a25431a87a4484dd32ed1) Importer(815301076,1909f56bfc062723c751e8b465ee728b)  -> (artifact id: 'd9fced2716bf2cd3562d4ae08fcf7cb0') in 0.002323 seconds
  Import took 0.005428 seconds .

========================================================================
Received Import Request.
  Time since last request: 10.761355 seconds.
  path: Assets/Prefabs/Background.prefab
  artifactKey: Guid(5319ca5f73eb4b47884d7df3bc096f42) Importer(815301076,1909f56bfc062723c751e8b465ee728b)
Start importing Assets/Prefabs/Background.prefab using Guid(5319ca5f73eb4b47884d7df3bc096f42) Importer(815301076,1909f56bfc062723c751e8b465ee728b)  -> (artifact id: '22a5947c05d804229c193e41bec05006') in 0.120448 seconds
  Import took 0.124909 seconds .

========================================================================
Received Import Request.
  Time since last request: 0.000294 seconds.
  path: Assets/Prefabs/Enemy.prefab
  artifactKey: Guid(762952a43367323528137c597cd230eb) Importer(815301076,1909f56bfc062723c751e8b465ee728b)
Start importing Assets/Prefabs/Enemy.prefab using Guid(762952a43367323528137c597cd230eb) Importer(815301076,1909f56bfc062723c751e8b465ee728b)  -> (artifact id: '3d81aa2f70bbd9cf136cc8066c4716be') in 0.010065 seconds
  Import took 0.015695 seconds .

========================================================================
Received Import Request.
  Time since last request: 0.000303 seconds.
  path: Assets/Prefabs/Main Camera.prefab
  artifactKey: Guid(97ef82eedd62e4c2c9172659950c23f4) Importer(815301076,1909f56bfc062723c751e8b465ee728b)
Start importing Assets/Prefabs/Main Camera.prefab using Guid(97ef82eedd62e4c2c9172659950c23f4) Importer(815301076,1909f56bfc062723c751e8b465ee728b)  -> (artifact id: '13cbf6029940f6da2d52cbdecdb4d2e7') in 0.005694 seconds
  Import took 0.009126 seconds .

========================================================================
Received Import Request.
  Time since last request: 0.000285 seconds.
  path: Assets/Prefabs/PlayerLaser.prefab
  artifactKey: Guid(72671e6e14ca2184cbd77fc325a37299) Importer(815301076,1909f56bfc062723c751e8b465ee728b)
Start importing Assets/Prefabs/PlayerLaser.prefab using Guid(72671e6e14ca2184cbd77fc325a37299) Importer(815301076,1909f56bfc062723c751e8b465ee728b)  -> (artifact id: '5476507be3ce55df380c016e60d2e5e6') in 0.013223 seconds
  Import took 0.016501 seconds .

========================================================================
Received Import Request.
  Time since last request: 0.000270 seconds.
  path: Assets/Prefabs/Player.prefab
  artifactKey: Guid(142e6ce9984310c43bc3b2c2c9c1eebb) Importer(815301076,1909f56bfc062723c751e8b465ee728b)
Start importing Assets/Prefabs/Player.prefab using Guid(142e6ce9984310c43bc3b2c2c9c1eebb) Importer(815301076,1909f56bfc062723c751e8b465ee728b)  -> (artifact id: '89f5f3a2979461d979b7d478901ee88c') in 0.016250 seconds
  Import took 0.019785 seconds .

========================================================================
Received Import Request.
  Time since last request: 0.000271 seconds.
  path: Assets/Prefabs/Canvas.prefab
  artifactKey: Guid(0b79c4553ab19d76bbdcd47f9bc48c9b) Importer(815301076,1909f56bfc062723c751e8b465ee728b)
Start importing Assets/Prefabs/Canvas.prefab using Guid(0b79c4553ab19d76bbdcd47f9bc48c9b) Importer(815301076,1909f56bfc062723c751e8b465ee728b)  -> (artifact id: '76d06b33a59384e4b1813bfc3eca3b0a') in 0.006727 seconds
  Import took 0.010364 seconds .

========================================================================
Received Import Request.
  Time since last request: 0.006116 seconds.
  path: Assets/Prefabs/Player.prefab
  artifactKey: Guid(142e6ce9984310c43bc3b2c2c9c1eebb) Importer(815301076,1909f56bfc062723c751e8b465ee728b)
Start importing Assets/Prefabs/Player.prefab using Guid(142e6ce9984310c43bc3b2c2c9c1eebb) Importer(815301076,1909f56bfc062723c751e8b465ee728b)  -> (artifact id: '89f5f3a2979461d979b7d478901ee88c') in 0.026638 seconds
  Import took 0.034948 seconds .

========================================================================
Received Prepare
Registering precompiled user dll's ...
Registered in 0.001315 seconds.
Begin MonoManager ReloadAssembly
Native extension for WindowsStandalone target not found
Refreshing native plugins compatible for Editor in 0.46 ms, found 1 plugins.
Preloading 0 native plugins for Editor in 0.00 ms.
Mono: successfully reloaded assembly
- Completed reload, in  0.841 seconds
Platform modules already initialized, skipping
Refreshing native plugins compatible for Editor in 0.77 ms, found 1 plugins.
Preloading 0 native plugins for Editor in 0.00 ms.
Unloading 1813 Unused Serialized files (Serialized files now loaded: 0)
System memory in use before: 88.6 MB.
System memory in use after: 88.5 MB.

Unloading 12 unused Assets to reduce memory usage. Loaded Objects now: 2276.
Total: 2.536500 ms (FindLiveObjects: 0.366100 ms CreateObjectMapping: 0.044800 ms MarkObjects: 2.008700 ms  DeleteObjects: 0.115600 ms)

========================================================================
Received Import Request.
  Time since last request: 32.539785 seconds.
  path: Assets/Prefabs/PlayerLaser.prefab
  artifactKey: Guid(72671e6e14ca2184cbd77fc325a37299) Importer(815301076,1909f56bfc062723c751e8b465ee728b)
Start importing Assets/Prefabs/PlayerLaser.prefab using Guid(72671e6e14ca2184cbd77fc325a37299) Importer(815301076,1909f56bfc062723c751e8b465ee728b)  -> (artifact id: 'efafa7b557a9c5b7db00461319d7d044') in 0.054578 seconds
  Import took 0.058870 seconds .

========================================================================
Received Import Request.
  Time since last request: 4.869987 seconds.
  path: Assets/Prefabs/PlayerLaser.prefab
  artifactKey: Guid(72671e6e14ca2184cbd77fc325a37299) Importer(815301076,1909f56bfc062723c751e8b465ee728b)
Start importing Assets/Prefabs/PlayerLaser.prefab using Guid(72671e6e14ca2184cbd77fc325a37299) Importer(815301076,1909f56bfc062723c751e8b465ee728b)  -> (artifact id: '6d35f70b54d9dd863e18d2575f039f30') in 0.013749 seconds
  Import took 0.017368 seconds .

========================================================================
Received Import Request.
  Time since last request: 0.001323 seconds.
  path: Assets/Prefabs/PlayerLaser.prefab
  artifactKey: Guid(72671e6e14ca2184cbd77fc325a37299) Importer(815301076,1909f56bfc062723c751e8b465ee728b)
Start importing Assets/Prefabs/PlayerLaser.prefab using Guid(72671e6e14ca2184cbd77fc325a37299) Importer(815301076,1909f56bfc062723c751e8b465ee728b)  -> (artifact id: '6d35f70b54d9dd863e18d2575f039f30') in 0.013715 seconds
  Import took 0.016654 seconds .

========================================================================
Received Prepare
Registering precompiled user dll's ...
Registered in 0.001206 seconds.
Begin MonoManager ReloadAssembly
Native extension for WindowsStandalone target not found
Refreshing native plugins compatible for Editor in 0.45 ms, found 1 plugins.
Preloading 0 native plugins for Editor in 0.00 ms.
Mono: successfully reloaded assembly
- Completed reload, in  0.755 seconds
Platform modules already initialized, skipping
Refreshing native plugins compatible for Editor in 0.45 ms, found 1 plugins.
Preloading 0 native plugins for Editor in 0.00 ms.
Unloading 1813 Unused Serialized files (Serialized files now loaded: 0)
System memory in use before: 88.6 MB.
System memory in use after: 88.6 MB.

Unloading 12 unused Assets to reduce memory usage. Loaded Objects now: 2281.
Total: 2.246500 ms (FindLiveObjects: 0.278100 ms CreateObjectMapping: 0.041000 ms MarkObjects: 1.807100 ms  DeleteObjects: 0.118700 ms)

========================================================================
Received Prepare
Registering precompiled user dll's ...
Registered in 0.001098 seconds.
Begin MonoManager ReloadAssembly
Native extension for WindowsStandalone target not found
Refreshing native plugins compatible for Editor in 0.83 ms, found 1 plugins.
Preloading 0 native plugins for Editor in 0.00 ms.
Mono: successfully reloaded assembly
- Completed reload, in  0.953 seconds
Platform modules already initialized, skipping
Refreshing native plugins compatible for Editor in 0.51 ms, found 1 plugins.
Preloading 0 native plugins for Editor in 0.00 ms.
Unloading 1813 Unused Serialized files (Serialized files now loaded: 0)
System memory in use before: 88.6 MB.
System memory in use after: 88.6 MB.

Unloading 12 unused Assets to reduce memory usage. Loaded Objects now: 2285.
Total: 3.090200 ms (FindLiveObjects: 0.789200 ms CreateObjectMapping: 0.102100 ms MarkObjects: 2.072800 ms  DeleteObjects: 0.124900 ms)

========================================================================
Received Prepare
Registering precompiled user dll's ...
Registered in 0.001444 seconds.
Begin MonoManager ReloadAssembly
Native extension for WindowsStandalone target not found
Refreshing native plugins compatible for Editor in 0.57 ms, found 1 plugins.
Preloading 0 native plugins for Editor in 0.00 ms.
Mono: successfully reloaded assembly
- Completed reload, in  0.809 seconds
Platform modules already initialized, skipping
Refreshing native plugins compatible for Editor in 0.96 ms, found 1 plugins.
Preloading 0 native plugins for Editor in 0.00 ms.
Unloading 1813 Unused Serialized files (Serialized files now loaded: 0)
System memory in use before: 88.6 MB.
System memory in use after: 88.6 MB.

Unloading 12 unused Assets to reduce memory usage. Loaded Objects now: 2289.
Total: 2.422200 ms (FindLiveObjects: 0.339100 ms CreateObjectMapping: 0.050200 ms MarkObjects: 1.916800 ms  DeleteObjects: 0.114700 ms)

========================================================================
Received Prepare
Registering precompiled user dll's ...
Registered in 0.001544 seconds.
Begin MonoManager ReloadAssembly
Native extension for WindowsStandalone target not found
Refreshing native plugins compatible for Editor in 0.53 ms, found 1 plugins.
Preloading 0 native plugins for Editor in 0.00 ms.
Mono: successfully reloaded assembly
- Completed reload, in  0.785 seconds
Platform modules already initialized, skipping
Refreshing native plugins compatible for Editor in 0.63 ms, found 1 plugins.
Preloading 0 native plugins for Editor in 0.00 ms.
Unloading 1813 Unused Serialized files (Serialized files now loaded: 0)
System memory in use before: 88.6 MB.
System memory in use after: 88.6 MB.

Unloading 12 unused Assets to reduce memory usage. Loaded Objects now: 2293.
Total: 2.507300 ms (FindLiveObjects: 0.286200 ms CreateObjectMapping: 0.045600 ms MarkObjects: 2.034300 ms  DeleteObjects: 0.139200 ms)

========================================================================
Received Prepare
Registering precompiled user dll's ...
Registered in 0.001729 seconds.
Begin MonoManager ReloadAssembly
Native extension for WindowsStandalone target not found
Refreshing native plugins compatible for Editor in 0.74 ms, found 1 plugins.
Preloading 0 native plugins for Editor in 0.00 ms.
Mono: successfully reloaded assembly
- Completed reload, in  0.894 seconds
Platform modules already initialized, skipping
Refreshing native plugins compatible for Editor in 0.73 ms, found 1 plugins.
Preloading 0 native plugins for Editor in 0.00 ms.
Unloading 1813 Unused Serialized files (Serialized files now loaded: 0)
System memory in use before: 88.6 MB.
System memory in use after: 88.6 MB.

Unloading 12 unused Assets to reduce memory usage. Loaded Objects now: 2297.
Total: 7.451700 ms (FindLiveObjects: 0.494800 ms CreateObjectMapping: 0.053100 ms MarkObjects: 6.709800 ms  DeleteObjects: 0.191200 ms)

========================================================================
Received Prepare
Registering precompiled user dll's ...
Registered in 0.001277 seconds.
Begin MonoManager ReloadAssembly
Native extension for WindowsStandalone target not found
Refreshing native plugins compatible for Editor in 0.90 ms, found 1 plugins.
Preloading 0 native plugins for Editor in 0.00 ms.
Mono: successfully reloaded assembly
- Completed reload, in  0.876 seconds
Platform modules already initialized, skipping
Refreshing native plugins compatible for Editor in 0.44 ms, found 1 plugins.
Preloading 0 native plugins for Editor in 0.00 ms.
Unloading 1813 Unused Serialized files (Serialized files now loaded: 0)
System memory in use before: 88.6 MB.
System memory in use after: 88.6 MB.

Unloading 12 unused Assets to reduce memory usage. Loaded Objects now: 2301.
Total: 2.533500 ms (FindLiveObjects: 0.411500 ms CreateObjectMapping: 0.059500 ms MarkObjects: 1.941500 ms  DeleteObjects: 0.119700 ms)

========================================================================
Received Prepare
Registering precompiled user dll's ...
Registered in 0.001160 seconds.
Begin MonoManager ReloadAssembly
Native extension for WindowsStandalone target not found
Refreshing native plugins compatible for Editor in 0.82 ms, found 1 plugins.
Preloading 0 native plugins for Editor in 0.00 ms.
Mono: successfully reloaded assembly
- Completed reload, in  0.868 seconds
Platform modules already initialized, skipping
Refreshing native plugins compatible for Editor in 0.49 ms, found 1 plugins.
Preloading 0 native plugins for Editor in 0.00 ms.
Unloading 1813 Unused Serialized files (Serialized files now loaded: 0)
System memory in use before: 88.7 MB.
System memory in use after: 88.6 MB.

Unloading 12 unused Assets to reduce memory usage. Loaded Objects now: 2305.
Total: 2.428900 ms (FindLiveObjects: 0.323300 ms CreateObjectMapping: 0.041700 ms MarkObjects: 1.931300 ms  DeleteObjects: 0.131100 ms)

========================================================================
Received Prepare
Registering precompiled user dll's ...
Registered in 0.000954 seconds.
Begin MonoManager ReloadAssembly
Native extension for WindowsStandalone target not found
Refreshing native plugins compatible for Editor in 0.44 ms, found 1 plugins.
Preloading 0 native plugins for Editor in 0.00 ms.
Mono: successfully reloaded assembly
- Completed reload, in  0.809 seconds
Platform modules already initialized, skipping
Refreshing native plugins compatible for Editor in 0.47 ms, found 1 plugins.
Preloading 0 native plugins for Editor in 0.00 ms.
Unloading 1813 Unused Serialized files (Serialized files now loaded: 0)
System memory in use before: 88.7 MB.
System memory in use after: 88.6 MB.

Unloading 12 unused Assets to reduce memory usage. Loaded Objects now: 2309.
Total: 3.699200 ms (FindLiveObjects: 1.255300 ms CreateObjectMapping: 0.068600 ms MarkObjects: 2.229700 ms  DeleteObjects: 0.144000 ms)

========================================================================
Received Prepare
Registering precompiled user dll's ...
Registered in 0.001147 seconds.
Begin MonoManager ReloadAssembly
Native extension for WindowsStandalone target not found
Refreshing native plugins compatible for Editor in 0.50 ms, found 1 plugins.
Preloading 0 native plugins for Editor in 0.00 ms.
Mono: successfully reloaded assembly
- Completed reload, in  0.855 seconds
Platform modules already initialized, skipping
Refreshing native plugins compatible for Editor in 0.51 ms, found 1 plugins.
Preloading 0 native plugins for Editor in 0.00 ms.
Unloading 1813 Unused Serialized files (Serialized files now loaded: 0)
System memory in use before: 88.7 MB.
System memory in use after: 88.7 MB.

Unloading 12 unused Assets to reduce memory usage. Loaded Objects now: 2313.
Total: 3.274700 ms (FindLiveObjects: 0.264200 ms CreateObjectMapping: 0.046100 ms MarkObjects: 2.632500 ms  DeleteObjects: 0.329900 ms)

========================================================================
Received Prepare
Registering precompiled user dll's ...
Registered in 0.000877 seconds.
Begin MonoManager ReloadAssembly
Native extension for WindowsStandalone target not found
Refreshing native plugins compatible for Editor in 0.47 ms, found 1 plugins.
Preloading 0 native plugins for Editor in 0.00 ms.
Mono: successfully reloaded assembly
- Completed reload, in  0.812 seconds
Platform modules already initialized, skipping
Refreshing native plugins compatible for Editor in 0.48 ms, found 1 plugins.
Preloading 0 native plugins for Editor in 0.00 ms.
Unloading 1813 Unused Serialized files (Serialized files now loaded: 0)
System memory in use before: 88.7 MB.
System memory in use after: 88.7 MB.

Unloading 12 unused Assets to reduce memory usage. Loaded Objects now: 2317.
Total: 2.626300 ms (FindLiveObjects: 0.409100 ms CreateObjectMapping: 0.075500 ms MarkObjects: 1.933300 ms  DeleteObjects: 0.206800 ms)

========================================================================
Received Prepare
Registering precompiled user dll's ...
Registered in 0.001137 seconds.
Begin MonoManager ReloadAssembly
Native extension for WindowsStandalone target not found
Refreshing native plugins compatible for Editor in 0.52 ms, found 1 plugins.
Preloading 0 native plugins for Editor in 0.00 ms.
Mono: successfully reloaded assembly
- Completed reload, in  0.877 seconds
Platform modules already initialized, skipping
Refreshing native plugins compatible for Editor in 0.55 ms, found 1 plugins.
Preloading 0 native plugins for Editor in 0.00 ms.
Unloading 1814 Unused Serialized files (Serialized files now loaded: 0)
System memory in use before: 88.7 MB.
System memory in use after: 88.7 MB.

Unloading 12 unused Assets to reduce memory usage. Loaded Objects now: 2322.
Total: 4.301700 ms (FindLiveObjects: 1.353400 ms CreateObjectMapping: 0.076700 ms MarkObjects: 2.670000 ms  DeleteObjects: 0.199300 ms)

========================================================================
Received Prepare
Registering precompiled user dll's ...
Registered in 0.001235 seconds.
Begin MonoManager ReloadAssembly
Native extension for WindowsStandalone target not found
Refreshing native plugins compatible for Editor in 0.79 ms, found 1 plugins.
Preloading 0 native plugins for Editor in 0.00 ms.
Mono: successfully reloaded assembly
- Completed reload, in  0.908 seconds
Platform modules already initialized, skipping
Refreshing native plugins compatible for Editor in 0.50 ms, found 1 plugins.
Preloading 0 native plugins for Editor in 0.00 ms.
Unloading 1814 Unused Serialized files (Serialized files now loaded: 0)
System memory in use before: 88.7 MB.
System memory in use after: 88.7 MB.

Unloading 12 unused Assets to reduce memory usage. Loaded Objects now: 2326.
Total: 3.702800 ms (FindLiveObjects: 0.493800 ms CreateObjectMapping: 0.056100 ms MarkObjects: 3.024700 ms  DeleteObjects: 0.126900 ms)

========================================================================
Received Import Request.
  Time since last request: 1700.312580 seconds.
  path: Assets/Prefabs/Player.prefab
  artifactKey: Guid(142e6ce9984310c43bc3b2c2c9c1eebb) Importer(815301076,1909f56bfc062723c751e8b465ee728b)
Start importing Assets/Prefabs/Player.prefab using Guid(142e6ce9984310c43bc3b2c2c9c1eebb) Importer(815301076,1909f56bfc062723c751e8b465ee728b)  -> (artifact id: '4528f0aef712495f6e59abd22d2473ee') in 0.068376 seconds
  Import took 0.072955 seconds .

========================================================================
Received Prepare
Registering precompiled user dll's ...
Registered in 0.001230 seconds.
Begin MonoManager ReloadAssembly
Native extension for WindowsStandalone target not found
Refreshing native plugins compatible for Editor in 0.57 ms, found 1 plugins.
Preloading 0 native plugins for Editor in 0.00 ms.
Mono: successfully reloaded assembly
- Completed reload, in  0.836 seconds
Platform modules already initialized, skipping
Refreshing native plugins compatible for Editor in 0.71 ms, found 1 plugins.
Preloading 0 native plugins for Editor in 0.00 ms.
Unloading 1814 Unused Serialized files (Serialized files now loaded: 0)
System memory in use before: 88.7 MB.
System memory in use after: 88.7 MB.

Unloading 12 unused Assets to reduce memory usage. Loaded Objects now: 2331.
Total: 2.211300 ms (FindLiveObjects: 0.258300 ms CreateObjectMapping: 0.045100 ms MarkObjects: 1.783400 ms  DeleteObjects: 0.123100 ms)

========================================================================
Received Import Request.
  Time since last request: 6.440838 seconds.
  path: Assets/Scripts/Shredder.cs
  artifactKey: Guid(b83c217f22733e64faebbbb6288c9d34) Importer(815301076,1909f56bfc062723c751e8b465ee728b)
Start importing Assets/Scripts/Shredder.cs using Guid(b83c217f22733e64faebbbb6288c9d34) Importer(815301076,1909f56bfc062723c751e8b465ee728b)  -> (artifact id: '77feddd9aa458851a67f3fedb5ec1d48') in 0.006241 seconds
  Import took 0.009575 seconds .

========================================================================
Received Import Request.
  Time since last request: 0.001115 seconds.
  path: Assets/Scripts/Shredder.cs
  artifactKey: Guid(b83c217f22733e64faebbbb6288c9d34) Importer(815301076,1909f56bfc062723c751e8b465ee728b)
Start importing Assets/Scripts/Shredder.cs using Guid(b83c217f22733e64faebbbb6288c9d34) Importer(815301076,1909f56bfc062723c751e8b465ee728b)  -> (artifact id: '77feddd9aa458851a67f3fedb5ec1d48') in 0.002736 seconds
  Import took 0.007578 seconds .

========================================================================
Received Prepare
Registering precompiled user dll's ...
Registered in 0.001689 seconds.
Begin MonoManager ReloadAssembly
Native extension for WindowsStandalone target not found
Refreshing native plugins compatible for Editor in 0.48 ms, found 1 plugins.
Preloading 0 native plugins for Editor in 0.00 ms.
Mono: successfully reloaded assembly
- Completed reload, in  0.802 seconds
Platform modules already initialized, skipping
Refreshing native plugins compatible for Editor in 0.58 ms, found 1 plugins.
Preloading 0 native plugins for Editor in 0.00 ms.
Unloading 1814 Unused Serialized files (Serialized files now loaded: 0)
System memory in use before: 88.7 MB.
System memory in use after: 88.7 MB.

Unloading 12 unused Assets to reduce memory usage. Loaded Objects now: 2335.
Total: 2.310800 ms (FindLiveObjects: 0.469300 ms CreateObjectMapping: 0.057100 ms MarkObjects: 1.658000 ms  DeleteObjects: 0.124800 ms)

========================================================================
Received Import Request.
  Time since last request: 46.725319 seconds.
  path: Assets/Scripts/Shredder.cs
  artifactKey: Guid(b83c217f22733e64faebbbb6288c9d34) Importer(815301076,1909f56bfc062723c751e8b465ee728b)
Start importing Assets/Scripts/Shredder.cs using Guid(b83c217f22733e64faebbbb6288c9d34) Importer(815301076,1909f56bfc062723c751e8b465ee728b)  -> (artifact id: 'da48ed8359f15f061dd93d66740c809e') in 0.006028 seconds
  Import took 0.010062 seconds .

========================================================================
Received Prepare
Registering precompiled user dll's ...
Registered in 0.000989 seconds.
Begin MonoManager ReloadAssembly
Native extension for WindowsStandalone target not found
Refreshing native plugins compatible for Editor in 0.49 ms, found 1 plugins.
Preloading 0 native plugins for Editor in 0.00 ms.
Mono: successfully reloaded assembly
- Completed reload, in  0.803 seconds
Platform modules already initialized, skipping
Refreshing native plugins compatible for Editor in 0.48 ms, found 1 plugins.
Preloading 0 native plugins for Editor in 0.00 ms.
Unloading 1814 Unused Serialized files (Serialized files now loaded: 0)
System memory in use before: 88.8 MB.
System memory in use after: 88.7 MB.

Unloading 12 unused Assets to reduce memory usage. Loaded Objects now: 2339.
Total: 2.537100 ms (FindLiveObjects: 0.311600 ms CreateObjectMapping: 0.044500 ms MarkObjects: 2.053100 ms  DeleteObjects: 0.126300 ms)

========================================================================
Received Prepare
Registering precompiled user dll's ...
Registered in 0.001112 seconds.
Begin MonoManager ReloadAssembly
Native extension for WindowsStandalone target not found
Refreshing native plugins compatible for Editor in 0.48 ms, found 1 plugins.
Preloading 0 native plugins for Editor in 0.00 ms.
Mono: successfully reloaded assembly
- Completed reload, in  0.806 seconds
Platform modules already initialized, skipping
Refreshing native plugins compatible for Editor in 0.47 ms, found 1 plugins.
Preloading 0 native plugins for Editor in 0.00 ms.
Unloading 1814 Unused Serialized files (Serialized files now loaded: 0)
System memory in use before: 88.8 MB.
System memory in use after: 88.7 MB.

Unloading 12 unused Assets to reduce memory usage. Loaded Objects now: 2343.
Total: 2.230500 ms (FindLiveObjects: 0.277600 ms CreateObjectMapping: 0.046100 ms MarkObjects: 1.778800 ms  DeleteObjects: 0.126500 ms)

========================================================================
Received Import Request.
  Time since last request: 50.797476 seconds.
  path: Assets/Prefabs/PlayerLaser.prefab
  artifactKey: Guid(72671e6e14ca2184cbd77fc325a37299) Importer(815301076,1909f56bfc062723c751e8b465ee728b)
Start importing Assets/Prefabs/PlayerLaser.prefab using Guid(72671e6e14ca2184cbd77fc325a37299) Importer(815301076,1909f56bfc062723c751e8b465ee728b)  -> (artifact id: '2a252281fb4db6855e22c7c5af89d051') in 0.055805 seconds
  Import took 0.059161 seconds .

========================================================================
Received Prepare
Registering precompiled user dll's ...
Registered in 0.001030 seconds.
Begin MonoManager ReloadAssembly
Native extension for WindowsStandalone target not found
Refreshing native plugins compatible for Editor in 0.44 ms, found 1 plugins.
Preloading 0 native plugins for Editor in 0.00 ms.
Mono: successfully reloaded assembly
- Completed reload, in  0.759 seconds
Platform modules already initialized, skipping
Refreshing native plugins compatible for Editor in 0.48 ms, found 1 plugins.
Preloading 0 native plugins for Editor in 0.00 ms.
Unloading 1814 Unused Serialized files (Serialized files now loaded: 0)
System memory in use before: 88.8 MB.
System memory in use after: 88.8 MB.

Unloading 12 unused Assets to reduce memory usage. Loaded Objects now: 2348.
Total: 2.253300 ms (FindLiveObjects: 0.257400 ms CreateObjectMapping: 0.044700 ms MarkObjects: 1.829000 ms  DeleteObjects: 0.120900 ms)

========================================================================
Received Prepare
Registering precompiled user dll's ...
Registered in 0.001097 seconds.
Begin MonoManager ReloadAssembly
Native extension for WindowsStandalone target not found
Refreshing native plugins compatible for Editor in 0.48 ms, found 1 plugins.
Preloading 0 native plugins for Editor in 0.00 ms.
Mono: successfully reloaded assembly
- Completed reload, in  0.754 seconds
Platform modules already initialized, skipping
Refreshing native plugins compatible for Editor in 0.43 ms, found 1 plugins.
Preloading 0 native plugins for Editor in 0.00 ms.
Unloading 1815 Unused Serialized files (Serialized files now loaded: 0)
System memory in use before: 88.8 MB.
System memory in use after: 88.8 MB.

Unloading 12 unused Assets to reduce memory usage. Loaded Objects now: 2353.
Total: 2.500900 ms (FindLiveObjects: 0.358100 ms CreateObjectMapping: 0.046800 ms MarkObjects: 1.963700 ms  DeleteObjects: 0.130700 ms)

========================================================================
Received Prepare
Registering precompiled user dll's ...
Registered in 0.001588 seconds.
Begin MonoManager ReloadAssembly
Native extension for WindowsStandalone target not found
Refreshing native plugins compatible for Editor in 0.44 ms, found 1 plugins.
Preloading 0 native plugins for Editor in 0.00 ms.
Mono: successfully reloaded assembly
- Completed reload, in  0.739 seconds
Platform modules already initialized, skipping
Refreshing native plugins compatible for Editor in 0.46 ms, found 1 plugins.
Preloading 0 native plugins for Editor in 0.00 ms.
Unloading 1815 Unused Serialized files (Serialized files now loaded: 0)
System memory in use before: 88.8 MB.
System memory in use after: 88.8 MB.

Unloading 12 unused Assets to reduce memory usage. Loaded Objects now: 2357.
Total: 2.617700 ms (FindLiveObjects: 0.229000 ms CreateObjectMapping: 0.044000 ms MarkObjects: 2.210400 ms  DeleteObjects: 0.133100 ms)

========================================================================
Received Import Request.
  Time since last request: 569.288538 seconds.
  path: Assets/Scripts/EnemyPathing.cs
  artifactKey: Guid(cc0ad3d05080e964696a8e4736a033d8) Importer(815301076,1909f56bfc062723c751e8b465ee728b)
Start importing Assets/Scripts/EnemyPathing.cs using Guid(cc0ad3d05080e964696a8e4736a033d8) Importer(815301076,1909f56bfc062723c751e8b465ee728b)  -> (artifact id: '7bd2201face1b8836918e91d099a2fc5') in 0.005392 seconds
  Import took 0.009132 seconds .

========================================================================
Received Import Request.
  Time since last request: 0.001360 seconds.
  path: Assets/Scripts/EnemyPathing.cs
  artifactKey: Guid(cc0ad3d05080e964696a8e4736a033d8) Importer(815301076,1909f56bfc062723c751e8b465ee728b)
Start importing Assets/Scripts/EnemyPathing.cs using Guid(cc0ad3d05080e964696a8e4736a033d8) Importer(815301076,1909f56bfc062723c751e8b465ee728b)  -> (artifact id: '7bd2201face1b8836918e91d099a2fc5') in 0.001855 seconds
  Import took 0.004422 seconds .

========================================================================
Received Prepare
Registering precompiled user dll's ...
Registered in 0.001044 seconds.
Begin MonoManager ReloadAssembly
Native extension for WindowsStandalone target not found
Refreshing native plugins compatible for Editor in 0.44 ms, found 1 plugins.
Preloading 0 native plugins for Editor in 0.00 ms.
Mono: successfully reloaded assembly
- Completed reload, in  0.741 seconds
Platform modules already initialized, skipping
Refreshing native plugins compatible for Editor in 0.41 ms, found 1 plugins.
Preloading 0 native plugins for Editor in 0.00 ms.
Unloading 1815 Unused Serialized files (Serialized files now loaded: 0)
System memory in use before: 88.8 MB.
System memory in use after: 88.8 MB.

Unloading 12 unused Assets to reduce memory usage. Loaded Objects now: 2361.
Total: 2.490600 ms (FindLiveObjects: 0.592700 ms CreateObjectMapping: 0.048600 ms MarkObjects: 1.725600 ms  DeleteObjects: 0.122000 ms)

========================================================================
Received Import Request.
  Time since last request: 65.333693 seconds.
  path: Assets/Scripts/EnemyPathing.cs
  artifactKey: Guid(cc0ad3d05080e964696a8e4736a033d8) Importer(815301076,1909f56bfc062723c751e8b465ee728b)
Start importing Assets/Scripts/EnemyPathing.cs using Guid(cc0ad3d05080e964696a8e4736a033d8) Importer(815301076,1909f56bfc062723c751e8b465ee728b)  -> (artifact id: 'e55008e4fb8b2e7abac542cd03bd1ad5') in 0.005148 seconds
  Import took 0.008382 seconds .

========================================================================
Received Import Request.
  Time since last request: 19.954385 seconds.
  path: Assets/Paths
  artifactKey: Guid(33b500ed4a0c358498f7608b60d1907c) Importer(815301076,1909f56bfc062723c751e8b465ee728b)
Start importing Assets/Paths using Guid(33b500ed4a0c358498f7608b60d1907c) Importer(815301076,1909f56bfc062723c751e8b465ee728b)  -> (artifact id: 'bb1ed8905fc302a862c3059e5c4cc63c') in 0.002630 seconds
  Import took 0.006105 seconds .

========================================================================
Received Import Request.
  Time since last request: 3.590397 seconds.
  path: Assets/Paths/Path(0).prefab
  artifactKey: Guid(0b5bd6134a4f905459ccb4d38ef77974) Importer(815301076,1909f56bfc062723c751e8b465ee728b)
Start importing Assets/Paths/Path(0).prefab using Guid(0b5bd6134a4f905459ccb4d38ef77974) Importer(815301076,1909f56bfc062723c751e8b465ee728b)  -> (artifact id: '8f7d8b48112d7c0fa93f490329c9c019') in 0.023749 seconds
  Import took 0.027110 seconds .

========================================================================
Received Import Request.
  Time since last request: 6.159809 seconds.
  path: Assets/Prefabs/Enemy.prefab
  artifactKey: Guid(762952a43367323528137c597cd230eb) Importer(815301076,1909f56bfc062723c751e8b465ee728b)
Start importing Assets/Prefabs/Enemy.prefab using Guid(762952a43367323528137c597cd230eb) Importer(815301076,1909f56bfc062723c751e8b465ee728b)  -> (artifact id: '15f3cd7a80621452898237bfedbee899') in 0.033187 seconds
  Import took 0.036417 seconds .

========================================================================
Received Import Request.
  Time since last request: 97.542124 seconds.
  path: Assets/Prefabs/Enemy.prefab
  artifactKey: Guid(762952a43367323528137c597cd230eb) Importer(815301076,1909f56bfc062723c751e8b465ee728b)
Start importing Assets/Prefabs/Enemy.prefab using Guid(762952a43367323528137c597cd230eb) Importer(815301076,1909f56bfc062723c751e8b465ee728b)  -> (artifact id: '1220d313d47eab2c9811b33f2769534e') in 0.011951 seconds
  Import took 0.015397 seconds .

========================================================================
Received Import Request.
  Time since last request: 0.000753 seconds.
  path: Assets/Prefabs/Enemy.prefab
  artifactKey: Guid(762952a43367323528137c597cd230eb) Importer(815301076,1909f56bfc062723c751e8b465ee728b)
Start importing Assets/Prefabs/Enemy.prefab using Guid(762952a43367323528137c597cd230eb) Importer(815301076,1909f56bfc062723c751e8b465ee728b)  -> (artifact id: '1220d313d47eab2c9811b33f2769534e') in 0.008979 seconds
  Import took 0.013009 seconds .

========================================================================
Received Prepare
Registering precompiled user dll's ...
Registered in 0.001066 seconds.
Begin MonoManager ReloadAssembly
Native extension for WindowsStandalone target not found
Refreshing native plugins compatible for Editor in 0.44 ms, found 1 plugins.
Preloading 0 native plugins for Editor in 0.00 ms.
Mono: successfully reloaded assembly
- Completed reload, in  0.741 seconds
Platform modules already initialized, skipping
Refreshing native plugins compatible for Editor in 0.43 ms, found 1 plugins.
Preloading 0 native plugins for Editor in 0.00 ms.
Unloading 1815 Unused Serialized files (Serialized files now loaded: 0)
System memory in use before: 88.8 MB.
System memory in use after: 88.8 MB.

Unloading 12 unused Assets to reduce memory usage. Loaded Objects now: 2366.
Total: 2.447700 ms (FindLiveObjects: 0.226000 ms CreateObjectMapping: 0.043500 ms MarkObjects: 2.032400 ms  DeleteObjects: 0.144600 ms)

========================================================================
Received Import Request.
  Time since last request: 4458.392164 seconds.
  path: Assets/Scripts/EnemyPathing.cs
  artifactKey: Guid(cc0ad3d05080e964696a8e4736a033d8) Importer(815301076,1909f56bfc062723c751e8b465ee728b)
Start importing Assets/Scripts/EnemyPathing.cs using Guid(cc0ad3d05080e964696a8e4736a033d8) Importer(815301076,1909f56bfc062723c751e8b465ee728b)  -> (artifact id: '72d94c3da44b6d83c6d961dab6c998f9') in 0.004758 seconds
  Import took 0.016969 seconds .

AssetImportWorkerClient::OnTransportError - code=2 error=End of file
