Using pre-set license
Built from '2020.3/staging' branch; Version is '2020.3.5f1 (8095aa901b9b) revision 8426922'; Using compiler version '192528614'; Build Type 'Release'
OS: 'Windows 10 Pro; OS build 19042.928; Version 2009; 64bit' Language: 'pt' Physical Memory: 16326 MB
BatchMode: 1, IsHumanControllingUs: 0, StartBugReporterOnCrash: 0, Is64bit: 1, IsPro: 0

 COMMAND LINE ARGUMENTS:
C:\Program Files\Unity\Hub\Editor\2020.3.5f1\Editor\Unity.exe
-adb2
-batchMode
-noUpm
-name
AssetImportWorker0
-projectPath
C:/Users/igorr/Documents/Unity2D/NumberWizard
-logFile
Logs/AssetImportWorker0.log
-srvPort
52248
Successfully changed project path to: C:/Users/igorr/Documents/Unity2D/NumberWizard
C:/Users/igorr/Documents/Unity2D/NumberWizard
Using Asset Import Pipeline V2.
Refreshing native plugins compatible for Editor in 33.81 ms, found 1 plugins.
Preloading 0 native plugins for Editor in 0.00 ms.
Initialize engine version: 2020.3.5f1 (8095aa901b9b)
[Subsystems] Discovering subsystems at path C:/Program Files/Unity/Hub/Editor/2020.3.5f1/Editor/Data/Resources/UnitySubsystems
[Subsystems] Discovering subsystems at path C:/Users/igorr/Documents/Unity2D/NumberWizard/Assets
GfxDevice: creating device client; threaded=0
Direct3D:
    Version:  Direct3D 11.0 [level 11.1]
    Renderer: NVIDIA GeForce RTX 2060 (ID=0x1f08)
    Vendor:   
    VRAM:     5980 MB
    Driver:   27.21.14.6589
Initialize mono
Mono path[0] = 'C:/Program Files/Unity/Hub/Editor/2020.3.5f1/Editor/Data/Managed'
Mono path[1] = 'C:/Program Files/Unity/Hub/Editor/2020.3.5f1/Editor/Data/MonoBleedingEdge/lib/mono/unityjit'
Mono config path = 'C:/Program Files/Unity/Hub/Editor/2020.3.5f1/Editor/Data/MonoBleedingEdge/etc'
Using monoOptions --debugger-agent=transport=dt_socket,embedding=1,server=y,suspend=n,address=127.0.0.1:56396
Begin MonoManager ReloadAssembly
Registering precompiled unity dll's ...
Register platform support module: C:/Program Files/Unity/Hub/Editor/2020.3.5f1/Editor/Data/PlaybackEngines/WindowsStandaloneSupport/UnityEditor.WindowsStandalone.Extensions.dll
Registered in 0.001754 seconds.
Native extension for WindowsStandalone target not found
Refreshing native plugins compatible for Editor in 33.15 ms, found 1 plugins.
Preloading 0 native plugins for Editor in 0.00 ms.
Mono: successfully reloaded assembly
- Completed reload, in  0.989 seconds
Platform modules already initialized, skipping
Registering precompiled user dll's ...
Registered in 0.000745 seconds.
Begin MonoManager ReloadAssembly
Native extension for WindowsStandalone target not found
Refreshing native plugins compatible for Editor in 32.96 ms, found 1 plugins.
Preloading 0 native plugins for Editor in 0.00 ms.
Mono: successfully reloaded assembly
- Completed reload, in  0.812 seconds
Platform modules already initialized, skipping
========================================================================
Worker process is ready to serve import requests
Launched and connected shader compiler UnityShaderCompiler.exe after 0.04 seconds
Refreshing native plugins compatible for Editor in 0.40 ms, found 1 plugins.
Preloading 0 native plugins for Editor in 0.00 ms.
Unloading 1823 Unused Serialized files (Serialized files now loaded: 0)
System memory in use before: 87.1 MB.
System memory in use after: 87.0 MB.

Unloading 24 unused Assets to reduce memory usage. Loaded Objects now: 2266.
Total: 2.397400 ms (FindLiveObjects: 0.503800 ms CreateObjectMapping: 0.056800 ms MarkObjects: 1.702700 ms  DeleteObjects: 0.132500 ms)

========================================================================
Received Import Request.
  path: Assets/Scenes/Start Menu.unity
  artifactKey: Guid(dbba2f4d8673ed244a750c99fa293e08) Importer(815301076,1909f56bfc062723c751e8b465ee728b)
Start importing Assets/Scenes/Start Menu.unity using Guid(dbba2f4d8673ed244a750c99fa293e08) Importer(815301076,1909f56bfc062723c751e8b465ee728b)  -> (artifact id: '49b464b942c7866e9a1cd55000dc0bfd') in 0.011515 seconds
  Import took 0.014596 seconds .

========================================================================
Received Import Request.
  Time since last request: 0.012727 seconds.
  path: Assets/Scenes
  artifactKey: Guid(885dff0d0404ebf4a970e7a52d25c4bb) Importer(815301076,1909f56bfc062723c751e8b465ee728b)
Start importing Assets/Scenes using Guid(885dff0d0404ebf4a970e7a52d25c4bb) Importer(815301076,1909f56bfc062723c751e8b465ee728b)  -> (artifact id: 'e324f4154a6759cb0d6ee90b924cdfeb') in 0.001859 seconds
  Import took 0.005005 seconds .

========================================================================
Received Import Request.
  Time since last request: 0.002306 seconds.
  path: Assets/Scenes/Win Screen.unity
  artifactKey: Guid(0307384f7b364c64395c4fba83ee2082) Importer(815301076,1909f56bfc062723c751e8b465ee728b)
Start importing Assets/Scenes/Win Screen.unity using Guid(0307384f7b364c64395c4fba83ee2082) Importer(815301076,1909f56bfc062723c751e8b465ee728b)  -> (artifact id: 'e230312a36a2cac4ed029bc742eb7012') in 0.001870 seconds
  Import took 0.004084 seconds .

========================================================================
Received Import Request.
  Time since last request: 0.002633 seconds.
  path: Assets/Scenes/Core Game.unity
  artifactKey: Guid(900eb4406f89ecd49880f6172ba7beb5) Importer(815301076,1909f56bfc062723c751e8b465ee728b)
Start importing Assets/Scenes/Core Game.unity using Guid(900eb4406f89ecd49880f6172ba7beb5) Importer(815301076,1909f56bfc062723c751e8b465ee728b)  -> (artifact id: '2243895651c90ad37b08ff27134ddbbf') in 0.001985 seconds
  Import took 0.004220 seconds .

========================================================================
Received Import Request.
  Time since last request: 0.002645 seconds.
  path: Assets/Scripts/SceneLoader.cs
  artifactKey: Guid(626adac4583bdce48bd6428114db5fc4) Importer(815301076,1909f56bfc062723c751e8b465ee728b)
Start importing Assets/Scripts/SceneLoader.cs using Guid(626adac4583bdce48bd6428114db5fc4) Importer(815301076,1909f56bfc062723c751e8b465ee728b)  -> (artifact id: 'ad9cab19ff13d307a8386dfa099d12f5') in 0.021928 seconds
  Import took 0.024782 seconds .

AssetImportWorkerClient::OnTransportError - code=2 error=End of file
