Using pre-set license
Built from '2020.3/staging' branch; Version is '2020.3.4f1 (0abb6314276a) revision 703331'; Using compiler version '192528614'; Build Type 'Release'
OS: 'Windows 10 Pro; OS build 19042.928; Version 2009; 64bit' Language: 'pt' Physical Memory: 16326 MB
BatchMode: 1, IsHumanControllingUs: 0, StartBugReporterOnCrash: 0, Is64bit: 1, IsPro: 0

 COMMAND LINE ARGUMENTS:
C:\Program Files\Unity\Hub\Editor\2020.3.4f1\Editor\Unity.exe
-adb2
-batchMode
-noUpm
-name
AssetImportWorker0
-projectPath
C:/Users/igorr/Documents/Unity2D/Text101
-logFile
Logs/AssetImportWorker0.log
-srvPort
55946
Successfully changed project path to: C:/Users/igorr/Documents/Unity2D/Text101
C:/Users/igorr/Documents/Unity2D/Text101
Using Asset Import Pipeline V2.
Refreshing native plugins compatible for Editor in 38.40 ms, found 1 plugins.
Preloading 0 native plugins for Editor in 0.00 ms.
Initialize engine version: 2020.3.4f1 (0abb6314276a)
[Subsystems] Discovering subsystems at path C:/Program Files/Unity/Hub/Editor/2020.3.4f1/Editor/Data/Resources/UnitySubsystems
[Subsystems] Discovering subsystems at path C:/Users/igorr/Documents/Unity2D/Text101/Assets
GfxDevice: creating device client; threaded=0
Direct3D:
    Version:  Direct3D 11.0 [level 11.1]
    Renderer: NVIDIA GeForce RTX 2060 (ID=0x1f08)
    Vendor:   
    VRAM:     5980 MB
    Driver:   27.21.14.6589
Initialize mono
Mono path[0] = 'C:/Program Files/Unity/Hub/Editor/2020.3.4f1/Editor/Data/Managed'
Mono path[1] = 'C:/Program Files/Unity/Hub/Editor/2020.3.4f1/Editor/Data/MonoBleedingEdge/lib/mono/unityjit'
Mono config path = 'C:/Program Files/Unity/Hub/Editor/2020.3.4f1/Editor/Data/MonoBleedingEdge/etc'
Using monoOptions --debugger-agent=transport=dt_socket,embedding=1,server=y,suspend=n,address=127.0.0.1:56048
Begin MonoManager ReloadAssembly
Registering precompiled unity dll's ...
Register platform support module: C:/Program Files/Unity/Hub/Editor/2020.3.4f1/Editor/Data/PlaybackEngines/WindowsStandaloneSupport/UnityEditor.WindowsStandalone.Extensions.dll
Registered in 0.001757 seconds.
Native extension for WindowsStandalone target not found
Refreshing native plugins compatible for Editor in 39.53 ms, found 1 plugins.
Preloading 0 native plugins for Editor in 0.00 ms.
Mono: successfully reloaded assembly
- Completed reload, in  1.121 seconds
Platform modules already initialized, skipping
Registering precompiled user dll's ...
Registered in 0.000999 seconds.
Begin MonoManager ReloadAssembly
Native extension for WindowsStandalone target not found
Refreshing native plugins compatible for Editor in 37.24 ms, found 1 plugins.
Preloading 0 native plugins for Editor in 0.00 ms.
Mono: successfully reloaded assembly
- Completed reload, in  0.937 seconds
Platform modules already initialized, skipping
========================================================================
Worker process is ready to serve import requests
Launched and connected shader compiler UnityShaderCompiler.exe after 0.05 seconds
Refreshing native plugins compatible for Editor in 0.60 ms, found 1 plugins.
Preloading 0 native plugins for Editor in 0.00 ms.
Unloading 1810 Unused Serialized files (Serialized files now loaded: 0)
System memory in use before: 85.0 MB.
System memory in use after: 84.9 MB.

Unloading 24 unused Assets to reduce memory usage. Loaded Objects now: 2253.
Total: 2.246300 ms (FindLiveObjects: 0.375400 ms CreateObjectMapping: 0.045900 ms MarkObjects: 1.697800 ms  DeleteObjects: 0.126200 ms)

========================================================================
Received Import Request.
  path: Assets/Room02.asset
  artifactKey: Guid(b49e73dd147d70c41bc9524702928b79) Importer(815301076,1909f56bfc062723c751e8b465ee728b)
Start importing Assets/Room02.asset using Guid(b49e73dd147d70c41bc9524702928b79) Importer(815301076,1909f56bfc062723c751e8b465ee728b)  -> (artifact id: 'fe8f07f4a1def0147022e5cb7bbdaaee') in 0.033600 seconds
  Import took 0.037447 seconds .

========================================================================
Received Import Request.
  Time since last request: 0.000340 seconds.
  path: Assets/Room01.asset
  artifactKey: Guid(4a0c6d479c8ab264baef817b6d9fe6ec) Importer(815301076,1909f56bfc062723c751e8b465ee728b)
Start importing Assets/Room01.asset using Guid(4a0c6d479c8ab264baef817b6d9fe6ec) Importer(815301076,1909f56bfc062723c751e8b465ee728b)  -> (artifact id: 'c35df03d273449bbee2709c3172fe204') in 0.003721 seconds
  Import took 0.007966 seconds .

========================================================================
Received Import Request.
  Time since last request: 904.116893 seconds.
  path: Assets/State.cs
  artifactKey: Guid(f62418905d095194bb12badce8ec1608) Importer(815301076,1909f56bfc062723c751e8b465ee728b)
Start importing Assets/State.cs using Guid(f62418905d095194bb12badce8ec1608) Importer(815301076,1909f56bfc062723c751e8b465ee728b)  -> (artifact id: '6deb81f6a75872d6fe8605a8be3b2f2f') in 0.014439 seconds
  Import took 0.018394 seconds .

========================================================================
Received Import Request.
  Time since last request: 20.109728 seconds.
  path: Assets/StoryGame.cs
  artifactKey: Guid(4ded6665aaac99e46803caf57e8266d7) Importer(815301076,1909f56bfc062723c751e8b465ee728b)
Start importing Assets/StoryGame.cs using Guid(4ded6665aaac99e46803caf57e8266d7) Importer(815301076,1909f56bfc062723c751e8b465ee728b)  -> (artifact id: '23181fbad55bb3f2e060ca5a4d7da540') in 0.002135 seconds
  Import took 0.004942 seconds .

========================================================================
Received Import Request.
  Time since last request: 0.030053 seconds.
  path: Assets/StoryGame.cs
  artifactKey: Guid(4ded6665aaac99e46803caf57e8266d7) Importer(815301076,1909f56bfc062723c751e8b465ee728b)
Start importing Assets/StoryGame.cs using Guid(4ded6665aaac99e46803caf57e8266d7) Importer(815301076,1909f56bfc062723c751e8b465ee728b)  -> (artifact id: '23181fbad55bb3f2e060ca5a4d7da540') in 0.002345 seconds
  Import took 0.005279 seconds .

========================================================================
Received Import Request.
  Time since last request: 754.084150 seconds.
  path: Assets/Scripts
  artifactKey: Guid(1a672a84ffe34ef4f9c8a3f1e789e589) Importer(815301076,1909f56bfc062723c751e8b465ee728b)
Start importing Assets/Scripts using Guid(1a672a84ffe34ef4f9c8a3f1e789e589) Importer(815301076,1909f56bfc062723c751e8b465ee728b)  -> (artifact id: '4e6fe94bf49faba5b5a125ff21c20772') in 0.002332 seconds
  Import took 0.005399 seconds .

========================================================================
Received Prepare
Registering precompiled user dll's ...
Registered in 0.002456 seconds.
Begin MonoManager ReloadAssembly
Native extension for WindowsStandalone target not found
Refreshing native plugins compatible for Editor in 0.41 ms, found 1 plugins.
Preloading 0 native plugins for Editor in 0.00 ms.
Mono: successfully reloaded assembly
- Completed reload, in  0.834 seconds
Platform modules already initialized, skipping
Refreshing native plugins compatible for Editor in 0.42 ms, found 1 plugins.
Preloading 0 native plugins for Editor in 0.00 ms.
Unloading 1805 Unused Serialized files (Serialized files now loaded: 0)
System memory in use before: 84.9 MB.
System memory in use after: 84.9 MB.

Unloading 12 unused Assets to reduce memory usage. Loaded Objects now: 2257.
Total: 2.418600 ms (FindLiveObjects: 0.230500 ms CreateObjectMapping: 0.044400 ms MarkObjects: 2.021100 ms  DeleteObjects: 0.121700 ms)

========================================================================
Received Import Request.
  Time since last request: 16.108673 seconds.
  path: Assets/States
  artifactKey: Guid(720d1085f87515c42bbe63a648615de8) Importer(815301076,1909f56bfc062723c751e8b465ee728b)
Start importing Assets/States using Guid(720d1085f87515c42bbe63a648615de8) Importer(815301076,1909f56bfc062723c751e8b465ee728b)  -> (artifact id: '687ac305e14757f11bee18e68cb6e80a') in 0.006158 seconds
  Import took 0.010508 seconds .

========================================================================
Received Import Request.
  Time since last request: 0.003112 seconds.
  path: Assets/States
  artifactKey: Guid(720d1085f87515c42bbe63a648615de8) Importer(815301076,1909f56bfc062723c751e8b465ee728b)
Start importing Assets/States using Guid(720d1085f87515c42bbe63a648615de8) Importer(815301076,1909f56bfc062723c751e8b465ee728b)  -> (artifact id: '687ac305e14757f11bee18e68cb6e80a') in 0.001953 seconds
  Import took 0.004220 seconds .

AssetImportWorkerClient::OnTransportError - code=2 error=End of file
