Using pre-set license
Built from '2020.3/staging' branch; Version is '2020.3.4f1 (0abb6314276a) revision 703331'; Using compiler version '192528614'; Build Type 'Release'
OS: 'Windows 10 Pro; OS build 19042.928; Version 2009; 64bit' Language: 'pt' Physical Memory: 16326 MB
BatchMode: 1, IsHumanControllingUs: 0, StartBugReporterOnCrash: 0, Is64bit: 1, IsPro: 0

 COMMAND LINE ARGUMENTS:
C:\Program Files\Unity\Hub\Editor\2020.3.4f1\Editor\Unity.exe
-adb2
-batchMode
-noUpm
-name
AssetImportWorker0
-projectPath
C:/Users/igorr/Documents/Unity2D/Text101
-logFile
Logs/AssetImportWorker0.log
-srvPort
51164
Successfully changed project path to: C:/Users/igorr/Documents/Unity2D/Text101
C:/Users/igorr/Documents/Unity2D/Text101
Using Asset Import Pipeline V2.
Refreshing native plugins compatible for Editor in 33.40 ms, found 1 plugins.
Preloading 0 native plugins for Editor in 0.00 ms.
Initialize engine version: 2020.3.4f1 (0abb6314276a)
[Subsystems] Discovering subsystems at path C:/Program Files/Unity/Hub/Editor/2020.3.4f1/Editor/Data/Resources/UnitySubsystems
[Subsystems] Discovering subsystems at path C:/Users/igorr/Documents/Unity2D/Text101/Assets
GfxDevice: creating device client; threaded=0
Direct3D:
    Version:  Direct3D 11.0 [level 11.1]
    Renderer: NVIDIA GeForce RTX 2060 (ID=0x1f08)
    Vendor:   
    VRAM:     5980 MB
    Driver:   27.21.14.6589
Initialize mono
Mono path[0] = 'C:/Program Files/Unity/Hub/Editor/2020.3.4f1/Editor/Data/Managed'
Mono path[1] = 'C:/Program Files/Unity/Hub/Editor/2020.3.4f1/Editor/Data/MonoBleedingEdge/lib/mono/unityjit'
Mono config path = 'C:/Program Files/Unity/Hub/Editor/2020.3.4f1/Editor/Data/MonoBleedingEdge/etc'
Using monoOptions --debugger-agent=transport=dt_socket,embedding=1,server=y,suspend=n,address=127.0.0.1:56492
Begin MonoManager ReloadAssembly
Registering precompiled unity dll's ...
Register platform support module: C:/Program Files/Unity/Hub/Editor/2020.3.4f1/Editor/Data/PlaybackEngines/WindowsStandaloneSupport/UnityEditor.WindowsStandalone.Extensions.dll
Registered in 0.001850 seconds.
Native extension for WindowsStandalone target not found
Refreshing native plugins compatible for Editor in 37.28 ms, found 1 plugins.
Preloading 0 native plugins for Editor in 0.00 ms.
Mono: successfully reloaded assembly
- Completed reload, in  1.099 seconds
Platform modules already initialized, skipping
Registering precompiled user dll's ...
Registered in 0.001085 seconds.
Begin MonoManager ReloadAssembly
Native extension for WindowsStandalone target not found
Refreshing native plugins compatible for Editor in 40.05 ms, found 1 plugins.
Preloading 0 native plugins for Editor in 0.00 ms.
Mono: successfully reloaded assembly
- Completed reload, in  1.068 seconds
Platform modules already initialized, skipping
========================================================================
Worker process is ready to serve import requests
Launched and connected shader compiler UnityShaderCompiler.exe after 0.04 seconds
Refreshing native plugins compatible for Editor in 1.13 ms, found 1 plugins.
Preloading 0 native plugins for Editor in 0.00 ms.
Unloading 1809 Unused Serialized files (Serialized files now loaded: 0)
System memory in use before: 84.9 MB.
System memory in use after: 84.8 MB.

Unloading 24 unused Assets to reduce memory usage. Loaded Objects now: 2252.
Total: 2.470900 ms (FindLiveObjects: 0.345100 ms CreateObjectMapping: 0.050600 ms MarkObjects: 1.946600 ms  DeleteObjects: 0.126900 ms)

========================================================================
Received Import Request.
  path: Assets/StoryGame.cs
  artifactKey: Guid(4ded6665aaac99e46803caf57e8266d7) Importer(815301076,1909f56bfc062723c751e8b465ee728b)
Start importing Assets/StoryGame.cs using Guid(4ded6665aaac99e46803caf57e8266d7) Importer(815301076,1909f56bfc062723c751e8b465ee728b)  -> (artifact id: 'e38ac7a749da7be38392c03532615739') in 0.022273 seconds
  Import took 0.025668 seconds .

========================================================================
Received Import Request.
  Time since last request: 559.864685 seconds.
  path: Assets
  artifactKey: Guid(00000000000000001000000000000000) Importer(815301076,1909f56bfc062723c751e8b465ee728b)
Start importing Assets using Guid(00000000000000001000000000000000) Importer(815301076,1909f56bfc062723c751e8b465ee728b)  -> (artifact id: '025e4f587c23674256bb898581e82961') in 0.003864 seconds
  Import took 0.009342 seconds .

========================================================================
Received Import Request.
  Time since last request: 49.391228 seconds.
  path: Assets/State.cs
  artifactKey: Guid(f62418905d095194bb12badce8ec1608) Importer(815301076,1909f56bfc062723c751e8b465ee728b)
Start importing Assets/State.cs using Guid(f62418905d095194bb12badce8ec1608) Importer(815301076,1909f56bfc062723c751e8b465ee728b)  -> (artifact id: '4f0388ad5c7a963bc60517485e9594cc') in 0.005939 seconds
  Import took 0.010799 seconds .

========================================================================
Received Prepare
Registering precompiled user dll's ...
Registered in 0.001336 seconds.
Begin MonoManager ReloadAssembly
Native extension for WindowsStandalone target not found
Refreshing native plugins compatible for Editor in 0.62 ms, found 1 plugins.
Preloading 0 native plugins for Editor in 0.00 ms.
Mono: successfully reloaded assembly
- Completed reload, in  0.815 seconds
Platform modules already initialized, skipping
Refreshing native plugins compatible for Editor in 0.39 ms, found 1 plugins.
Preloading 0 native plugins for Editor in 0.00 ms.
Unloading 1805 Unused Serialized files (Serialized files now loaded: 0)
System memory in use before: 84.9 MB.
System memory in use after: 84.8 MB.

Unloading 12 unused Assets to reduce memory usage. Loaded Objects now: 2257.
Total: 2.195400 ms (FindLiveObjects: 0.250000 ms CreateObjectMapping: 0.041800 ms MarkObjects: 1.750900 ms  DeleteObjects: 0.151800 ms)

========================================================================
Received Prepare
Registering precompiled user dll's ...
Registered in 0.000960 seconds.
Begin MonoManager ReloadAssembly
Native extension for WindowsStandalone target not found
Refreshing native plugins compatible for Editor in 0.43 ms, found 1 plugins.
Preloading 0 native plugins for Editor in 0.00 ms.
Mono: successfully reloaded assembly
- Completed reload, in  0.823 seconds
Platform modules already initialized, skipping
Refreshing native plugins compatible for Editor in 0.42 ms, found 1 plugins.
Preloading 0 native plugins for Editor in 0.00 ms.
Unloading 1805 Unused Serialized files (Serialized files now loaded: 0)
System memory in use before: 84.9 MB.
System memory in use after: 84.9 MB.

Unloading 12 unused Assets to reduce memory usage. Loaded Objects now: 2261.
Total: 2.248300 ms (FindLiveObjects: 0.339700 ms CreateObjectMapping: 0.051900 ms MarkObjects: 1.730600 ms  DeleteObjects: 0.125200 ms)

========================================================================
Received Import Request.
  Time since last request: 170.729480 seconds.
  path: Assets/State.cs
  artifactKey: Guid(f62418905d095194bb12badce8ec1608) Importer(815301076,1909f56bfc062723c751e8b465ee728b)
Start importing Assets/State.cs using Guid(f62418905d095194bb12badce8ec1608) Importer(815301076,1909f56bfc062723c751e8b465ee728b)  -> (artifact id: 'c1641d43b891b47324feed8ca93fd3bb') in 0.005396 seconds
  Import took 0.015575 seconds .

========================================================================
Received Import Request.
  Time since last request: 11.008737 seconds.
  path: Assets/StartingState.asset
  artifactKey: Guid(d56e55a59042ece4082c6934c66ac7fb) Importer(815301076,1909f56bfc062723c751e8b465ee728b)
Start importing Assets/StartingState.asset using Guid(d56e55a59042ece4082c6934c66ac7fb) Importer(815301076,1909f56bfc062723c751e8b465ee728b)  -> (artifact id: '662b28b8f82f9f1651a58d6649460f6b') in 0.016571 seconds
  Import took 0.020316 seconds .

========================================================================
Received Prepare
Registering precompiled user dll's ...
Registered in 0.001776 seconds.
Begin MonoManager ReloadAssembly
Native extension for WindowsStandalone target not found
Refreshing native plugins compatible for Editor in 0.42 ms, found 1 plugins.
Preloading 0 native plugins for Editor in 0.00 ms.
Mono: successfully reloaded assembly
- Completed reload, in  0.830 seconds
Platform modules already initialized, skipping
Refreshing native plugins compatible for Editor in 0.38 ms, found 1 plugins.
Preloading 0 native plugins for Editor in 0.00 ms.
Unloading 1805 Unused Serialized files (Serialized files now loaded: 0)
System memory in use before: 84.9 MB.
System memory in use after: 84.9 MB.

Unloading 12 unused Assets to reduce memory usage. Loaded Objects now: 2265.
Total: 2.178600 ms (FindLiveObjects: 0.269700 ms CreateObjectMapping: 0.043000 ms MarkObjects: 1.737300 ms  DeleteObjects: 0.127500 ms)

========================================================================
Received Import Request.
  Time since last request: 200.440853 seconds.
  path: Assets/StartingState.asset
  artifactKey: Guid(d56e55a59042ece4082c6934c66ac7fb) Importer(815301076,1909f56bfc062723c751e8b465ee728b)
Start importing Assets/StartingState.asset using Guid(d56e55a59042ece4082c6934c66ac7fb) Importer(815301076,1909f56bfc062723c751e8b465ee728b)  -> (artifact id: '70ca4c830d804706b9346326314f7aab') in 0.016647 seconds
  Import took 0.020451 seconds .

========================================================================
Received Prepare
Registering precompiled user dll's ...
Registered in 0.001057 seconds.
Begin MonoManager ReloadAssembly
Native extension for WindowsStandalone target not found
Refreshing native plugins compatible for Editor in 0.41 ms, found 1 plugins.
Preloading 0 native plugins for Editor in 0.00 ms.
Mono: successfully reloaded assembly
- Completed reload, in  0.812 seconds
Platform modules already initialized, skipping
Refreshing native plugins compatible for Editor in 0.40 ms, found 1 plugins.
Preloading 0 native plugins for Editor in 0.00 ms.
Unloading 1805 Unused Serialized files (Serialized files now loaded: 0)
System memory in use before: 85.0 MB.
System memory in use after: 84.9 MB.

Unloading 12 unused Assets to reduce memory usage. Loaded Objects now: 2269.
Total: 2.745500 ms (FindLiveObjects: 0.335000 ms CreateObjectMapping: 0.047800 ms MarkObjects: 2.174900 ms  DeleteObjects: 0.186600 ms)

========================================================================
Received Import Request.
  Time since last request: 507.601377 seconds.
  path: Assets/StoryGame.cs
  artifactKey: Guid(4ded6665aaac99e46803caf57e8266d7) Importer(815301076,1909f56bfc062723c751e8b465ee728b)
Start importing Assets/StoryGame.cs using Guid(4ded6665aaac99e46803caf57e8266d7) Importer(815301076,1909f56bfc062723c751e8b465ee728b)  -> (artifact id: '67abf53a68887a117b14385c32e9dfb1') in 0.004889 seconds
  Import took 0.008408 seconds .

========================================================================
Received Prepare
Registering precompiled user dll's ...
Registered in 0.000988 seconds.
Begin MonoManager ReloadAssembly
Native extension for WindowsStandalone target not found
Refreshing native plugins compatible for Editor in 0.47 ms, found 1 plugins.
Preloading 0 native plugins for Editor in 0.00 ms.
Mono: successfully reloaded assembly
- Completed reload, in  0.821 seconds
Platform modules already initialized, skipping
Refreshing native plugins compatible for Editor in 0.97 ms, found 1 plugins.
Preloading 0 native plugins for Editor in 0.00 ms.
Unloading 1805 Unused Serialized files (Serialized files now loaded: 0)
System memory in use before: 85.0 MB.
System memory in use after: 84.9 MB.

Unloading 12 unused Assets to reduce memory usage. Loaded Objects now: 2273.
Total: 2.843700 ms (FindLiveObjects: 0.275200 ms CreateObjectMapping: 0.044900 ms MarkObjects: 2.397300 ms  DeleteObjects: 0.125100 ms)

========================================================================
Received Prepare
Registering precompiled user dll's ...
Registered in 0.001075 seconds.
Begin MonoManager ReloadAssembly
Native extension for WindowsStandalone target not found
Refreshing native plugins compatible for Editor in 0.41 ms, found 1 plugins.
Preloading 0 native plugins for Editor in 0.00 ms.
Mono: successfully reloaded assembly
- Completed reload, in  0.778 seconds
Platform modules already initialized, skipping
Refreshing native plugins compatible for Editor in 0.59 ms, found 1 plugins.
Preloading 0 native plugins for Editor in 0.00 ms.
Unloading 1805 Unused Serialized files (Serialized files now loaded: 0)
System memory in use before: 85.0 MB.
System memory in use after: 85.0 MB.

Unloading 12 unused Assets to reduce memory usage. Loaded Objects now: 2277.
Total: 1.940200 ms (FindLiveObjects: 0.234800 ms CreateObjectMapping: 0.044300 ms MarkObjects: 1.549700 ms  DeleteObjects: 0.110300 ms)

========================================================================
Received Import Request.
  Time since last request: 429.978074 seconds.
  path: Assets/Room01.asset
  artifactKey: Guid(4a0c6d479c8ab264baef817b6d9fe6ec) Importer(815301076,1909f56bfc062723c751e8b465ee728b)
Start importing Assets/Room01.asset using Guid(4a0c6d479c8ab264baef817b6d9fe6ec) Importer(815301076,1909f56bfc062723c751e8b465ee728b)  -> (artifact id: '4003dfa741fbeee312f4ebfe34025b5b') in 0.015225 seconds
  Import took 0.019067 seconds .

========================================================================
Received Import Request.
  Time since last request: 6.396946 seconds.
  path: Assets/Room2.asset
  artifactKey: Guid(b49e73dd147d70c41bc9524702928b79) Importer(815301076,1909f56bfc062723c751e8b465ee728b)
Start importing Assets/Room2.asset using Guid(b49e73dd147d70c41bc9524702928b79) Importer(815301076,1909f56bfc062723c751e8b465ee728b)  -> (artifact id: '07a3068ed28c1727bbc2cc6e33f03a07') in 0.004624 seconds
  Import took 0.008213 seconds .

========================================================================
Received Import Request.
  Time since last request: 0.013227 seconds.
  path: Assets/Room2.asset
  artifactKey: Guid(b49e73dd147d70c41bc9524702928b79) Importer(815301076,1909f56bfc062723c751e8b465ee728b)
Start importing Assets/Room2.asset using Guid(b49e73dd147d70c41bc9524702928b79) Importer(815301076,1909f56bfc062723c751e8b465ee728b)  -> (artifact id: '07a3068ed28c1727bbc2cc6e33f03a07') in 0.003366 seconds
  Import took 0.006661 seconds .

========================================================================
Received Import Request.
  Time since last request: 13.504473 seconds.
  path: Assets/Room02.asset
  artifactKey: Guid(b49e73dd147d70c41bc9524702928b79) Importer(815301076,1909f56bfc062723c751e8b465ee728b)
Start importing Assets/Room02.asset using Guid(b49e73dd147d70c41bc9524702928b79) Importer(815301076,1909f56bfc062723c751e8b465ee728b)  -> (artifact id: '8869a0524834350a6a554465682f21fc') in 0.003080 seconds
  Import took 0.007613 seconds .

========================================================================
Received Import Request.
  Time since last request: 0.010667 seconds.
  path: Assets/Room02.asset
  artifactKey: Guid(b49e73dd147d70c41bc9524702928b79) Importer(815301076,1909f56bfc062723c751e8b465ee728b)
Start importing Assets/Room02.asset using Guid(b49e73dd147d70c41bc9524702928b79) Importer(815301076,1909f56bfc062723c751e8b465ee728b)  -> (artifact id: '8869a0524834350a6a554465682f21fc') in 0.002355 seconds
  Import took 0.005202 seconds .

========================================================================
Received Prepare
Registering precompiled user dll's ...
Registered in 0.001029 seconds.
Begin MonoManager ReloadAssembly
Native extension for WindowsStandalone target not found
Refreshing native plugins compatible for Editor in 0.44 ms, found 1 plugins.
Preloading 0 native plugins for Editor in 0.00 ms.
Mono: successfully reloaded assembly
- Completed reload, in  0.784 seconds
Platform modules already initialized, skipping
Refreshing native plugins compatible for Editor in 0.41 ms, found 1 plugins.
Preloading 0 native plugins for Editor in 0.00 ms.
Unloading 1805 Unused Serialized files (Serialized files now loaded: 0)
System memory in use before: 85.0 MB.
System memory in use after: 85.0 MB.

Unloading 12 unused Assets to reduce memory usage. Loaded Objects now: 2281.
Total: 2.394200 ms (FindLiveObjects: 0.247300 ms CreateObjectMapping: 0.044200 ms MarkObjects: 1.970700 ms  DeleteObjects: 0.130400 ms)

========================================================================
Received Import Request.
  Time since last request: 351.563836 seconds.
  path: Assets/Room01.asset
  artifactKey: Guid(4a0c6d479c8ab264baef817b6d9fe6ec) Importer(815301076,1909f56bfc062723c751e8b465ee728b)
Start importing Assets/Room01.asset using Guid(4a0c6d479c8ab264baef817b6d9fe6ec) Importer(815301076,1909f56bfc062723c751e8b465ee728b)  -> (artifact id: '4ec54911ec7cc7c12d9b73c8ace12be4') in 0.015718 seconds
  Import took 0.019985 seconds .

========================================================================
Received Import Request.
  Time since last request: 0.000236 seconds.
  path: Assets/Room02.asset
  artifactKey: Guid(b49e73dd147d70c41bc9524702928b79) Importer(815301076,1909f56bfc062723c751e8b465ee728b)
Start importing Assets/Room02.asset using Guid(b49e73dd147d70c41bc9524702928b79) Importer(815301076,1909f56bfc062723c751e8b465ee728b)  -> (artifact id: '3fb35a76483339d4b542bad44029be62') in 0.003902 seconds
  Import took 0.006626 seconds .

========================================================================
Received Import Request.
  Time since last request: 0.000239 seconds.
  path: Assets/StartingState.asset
  artifactKey: Guid(d56e55a59042ece4082c6934c66ac7fb) Importer(815301076,1909f56bfc062723c751e8b465ee728b)
Start importing Assets/StartingState.asset using Guid(d56e55a59042ece4082c6934c66ac7fb) Importer(815301076,1909f56bfc062723c751e8b465ee728b)  -> (artifact id: 'c6708cd41726b7bdd7fec3c2601c5473') in 0.005028 seconds
  Import took 0.008158 seconds .

========================================================================
Received Prepare
Registering precompiled user dll's ...
Registered in 0.000962 seconds.
Begin MonoManager ReloadAssembly
Native extension for WindowsStandalone target not found
Refreshing native plugins compatible for Editor in 0.43 ms, found 1 plugins.
Preloading 0 native plugins for Editor in 0.00 ms.
Mono: successfully reloaded assembly
- Completed reload, in  0.821 seconds
Platform modules already initialized, skipping
Refreshing native plugins compatible for Editor in 0.39 ms, found 1 plugins.
Preloading 0 native plugins for Editor in 0.00 ms.
Unloading 1805 Unused Serialized files (Serialized files now loaded: 0)
System memory in use before: 85.0 MB.
System memory in use after: 85.0 MB.

Unloading 12 unused Assets to reduce memory usage. Loaded Objects now: 2285.
Total: 1.964200 ms (FindLiveObjects: 0.265900 ms CreateObjectMapping: 0.042500 ms MarkObjects: 1.539300 ms  DeleteObjects: 0.115300 ms)

========================================================================
Received Prepare
Registering precompiled user dll's ...
Registered in 0.001013 seconds.
Begin MonoManager ReloadAssembly
Native extension for WindowsStandalone target not found
Refreshing native plugins compatible for Editor in 0.42 ms, found 1 plugins.
Preloading 0 native plugins for Editor in 0.00 ms.
Mono: successfully reloaded assembly
- Completed reload, in  0.816 seconds
Platform modules already initialized, skipping
Refreshing native plugins compatible for Editor in 0.52 ms, found 1 plugins.
Preloading 0 native plugins for Editor in 0.00 ms.
Unloading 1805 Unused Serialized files (Serialized files now loaded: 0)
System memory in use before: 85.0 MB.
System memory in use after: 85.0 MB.

Unloading 12 unused Assets to reduce memory usage. Loaded Objects now: 2289.
Total: 2.247800 ms (FindLiveObjects: 0.291300 ms CreateObjectMapping: 0.056300 ms MarkObjects: 1.755600 ms  DeleteObjects: 0.143000 ms)

========================================================================
Received Prepare
Registering precompiled user dll's ...
Registered in 0.001767 seconds.
Begin MonoManager ReloadAssembly
Native extension for WindowsStandalone target not found
Refreshing native plugins compatible for Editor in 0.59 ms, found 1 plugins.
Preloading 0 native plugins for Editor in 0.00 ms.
Mono: successfully reloaded assembly
- Completed reload, in  0.903 seconds
Platform modules already initialized, skipping
Refreshing native plugins compatible for Editor in 0.56 ms, found 1 plugins.
Preloading 0 native plugins for Editor in 0.00 ms.
Unloading 1805 Unused Serialized files (Serialized files now loaded: 0)
System memory in use before: 85.0 MB.
System memory in use after: 85.0 MB.

Unloading 12 unused Assets to reduce memory usage. Loaded Objects now: 2293.
Total: 2.666900 ms (FindLiveObjects: 0.458600 ms CreateObjectMapping: 0.218600 ms MarkObjects: 1.832000 ms  DeleteObjects: 0.155200 ms)

AssetImportWorkerClient::OnTransportError - code=2 error=End of file
